c:\users\hemt1\onedrive - hogeschool west-vlaanderen\second year\graphicsprog_1\raytracer\source\tempfiles\release\vc142.pdb
c:\users\hemt1\onedrive - hogeschool west-vlaanderen\second year\graphicsprog_1\raytracer\source\tempfiles\release\trianglemesh.obj
c:\users\hemt1\onedrive - hogeschool west-vlaanderen\second year\graphicsprog_1\raytracer\source\tempfiles\release\triangle.obj
c:\users\hemt1\onedrive - hogeschool west-vlaanderen\second year\graphicsprog_1\raytracer\source\tempfiles\release\sphere.obj
c:\users\hemt1\onedrive - hogeschool west-vlaanderen\second year\graphicsprog_1\raytracer\source\tempfiles\release\scenegraph.obj
c:\users\hemt1\onedrive - hogeschool west-vlaanderen\second year\graphicsprog_1\raytracer\source\tempfiles\release\ray.obj
c:\users\hemt1\onedrive - hogeschool west-vlaanderen\second year\graphicsprog_1\raytracer\source\tempfiles\release\pointlight.obj
c:\users\hemt1\onedrive - hogeschool west-vlaanderen\second year\graphicsprog_1\raytracer\source\tempfiles\release\plane.obj
c:\users\hemt1\onedrive - hogeschool west-vlaanderen\second year\graphicsprog_1\raytracer\source\tempfiles\release\parser.obj
c:\users\hemt1\onedrive - hogeschool west-vlaanderen\second year\graphicsprog_1\raytracer\source\tempfiles\release\material_lambert.obj
c:\users\hemt1\onedrive - hogeschool west-vlaanderen\second year\graphicsprog_1\raytracer\source\tempfiles\release\material.obj
c:\users\hemt1\onedrive - hogeschool west-vlaanderen\second year\graphicsprog_1\raytracer\source\tempfiles\release\main.obj
c:\users\hemt1\onedrive - hogeschool west-vlaanderen\second year\graphicsprog_1\raytracer\source\tempfiles\release\lights.obj
c:\users\hemt1\onedrive - hogeschool west-vlaanderen\second year\graphicsprog_1\raytracer\source\tempfiles\release\geometricobjects.obj
c:\users\hemt1\onedrive - hogeschool west-vlaanderen\second year\graphicsprog_1\raytracer\source\tempfiles\release\etimer.obj
c:\users\hemt1\onedrive - hogeschool west-vlaanderen\second year\graphicsprog_1\raytracer\source\tempfiles\release\erenderer.obj
c:\users\hemt1\onedrive - hogeschool west-vlaanderen\second year\graphicsprog_1\raytracer\source\tempfiles\release\directionallight.obj
c:\users\hemt1\onedrive - hogeschool west-vlaanderen\second year\graphicsprog_1\raytracer\source\tempfiles\release\camera.obj
c:\users\hemt1\onedrive - hogeschool west-vlaanderen\second year\graphicsprog_1\raytracer\source\tempfiles\release\brdf.obj
c:\users\hemt1\onedrive - hogeschool west-vlaanderen\second year\graphicsprog_1\raytracer\source\tempfiles\release\box.obj
c:\users\hemt1\onedrive - hogeschool west-vlaanderen\second year\graphicsprog_1\raytracer\bin\release\raytracer.exe
c:\users\hemt1\onedrive - hogeschool west-vlaanderen\second year\graphicsprog_1\raytracer\bin\release\raytracer.pdb
c:\users\hemt1\onedrive - hogeschool west-vlaanderen\second year\graphicsprog_1\raytracer\bin\release\raytracer.ipdb
c:\users\hemt1\onedrive - hogeschool west-vlaanderen\second year\graphicsprog_1\raytracer\bin\release\raytracer.iobj
c:\users\hemt1\onedrive - hogeschool west-vlaanderen\second year\graphicsprog_1\raytracer\source\..\bin\release\raytracer.pdb
c:\users\hemt1\onedrive - hogeschool west-vlaanderen\second year\graphicsprog_1\raytracer\source\tempfiles\release\raytracer.tlog\cl.command.1.tlog
c:\users\hemt1\onedrive - hogeschool west-vlaanderen\second year\graphicsprog_1\raytracer\source\tempfiles\release\raytracer.tlog\cl.read.1.tlog
c:\users\hemt1\onedrive - hogeschool west-vlaanderen\second year\graphicsprog_1\raytracer\source\tempfiles\release\raytracer.tlog\cl.write.1.tlog
c:\users\hemt1\onedrive - hogeschool west-vlaanderen\second year\graphicsprog_1\raytracer\source\tempfiles\release\raytracer.tlog\link.command.1.tlog
c:\users\hemt1\onedrive - hogeschool west-vlaanderen\second year\graphicsprog_1\raytracer\source\tempfiles\release\raytracer.tlog\link.read.1.tlog
c:\users\hemt1\onedrive - hogeschool west-vlaanderen\second year\graphicsprog_1\raytracer\source\tempfiles\release\raytracer.tlog\link.write.1.tlog
c:\users\hemt1\onedrive - hogeschool west-vlaanderen\second year\graphicsprog_1\raytracer\source\tempfiles\release\raytracer.tlog\raytracer.write.1u.tlog
